[2026-01-13 10:22:12] local.ERROR: syntax error, unexpected token "}" {"exception":"[object] (ParseError(code: 0): syntax error, unexpected token \"}\" at /home/wiptracker/domains/wiptracker.360websitedemo.com/public_html/app/Http/Controllers/ProductionSuperwisor/ProductionSuperwisorController.php:109)
[stacktrace]
#0 /home/wiptracker/domains/wiptracker.360websitedemo.com/public_html/vendor/composer/ClassLoader.php(427): Composer\\Autoload\\{closure}()
#1 [internal function]: Composer\\Autoload\\ClassLoader->loadClass()
#2 /home/wiptracker/domains/wiptracker.360websitedemo.com/public_html/vendor/laravel/framework/src/Illuminate/Routing/Route.php(1117): is_a()
#3 /home/wiptracker/domains/wiptracker.360websitedemo.com/public_html/vendor/laravel/framework/src/Illuminate/Routing/Route.php(1054): Illuminate\\Routing\\Route->controllerMiddleware()
#4 /home/wiptracker/domains/wiptracker.360websitedemo.com/public_html/vendor/laravel/framework/src/Illuminate/Routing/Router.php(820): Illuminate\\Routing\\Route->gatherMiddleware()
#5 /home/wiptracker/domains/wiptracker.360websitedemo.com/public_html/vendor/laravel/framework/src/Illuminate/Routing/Router.php(802): Illuminate\\Routing\\Router->gatherRouteMiddleware()
#6 /home/wiptracker/domains/wiptracker.360websitedemo.com/public_html/vendor/laravel/framework/src/Illuminate/Routing/Router.php(786): Illuminate\\Routing\\Router->runRouteWithinStack()
#7 /home/wiptracker/domains/wiptracker.360websitedemo.com/public_html/vendor/laravel/framework/src/Illuminate/Routing/Router.php(750): Illuminate\\Routing\\Router->runRoute()
#8 /home/wiptracker/domains/wiptracker.360websitedemo.com/public_html/vendor/laravel/framework/src/Illuminate/Routing/Router.php(739): Illuminate\\Routing\\Router->dispatchToRoute()
#9 /home/wiptracker/domains/wiptracker.360websitedemo.com/public_html/vendor/laravel/framework/src/Illuminate/Foundation/Http/Kernel.php(201): Illuminate\\Routing\\Router->dispatch()
#10 /home/wiptracker/domains/wiptracker.360websitedemo.com/public_html/vendor/laravel/framework/src/Illuminate/Pipeline/Pipeline.php(170): Illuminate\\Foundation\\Http\\Kernel->Illuminate\\Foundation\\Http\\{closure}()
#11 /home/wiptracker/domains/wiptracker.360websitedemo.com/public_html/vendor/laravel/framework/src/Illuminate/Foundation/Http/Middleware/TransformsRequest.php(21): Illuminate\\Pipeline\\Pipeline->Illuminate\\Pipeline\\{closure}()
#12 /home/wiptracker/domains/wiptracker.360websitedemo.com/public_html/vendor/laravel/framework/src/Illuminate/Foundation/Http/Middleware/ConvertEmptyStringsToNull.php(31): Illuminate\\Foundation\\Http\\Middleware\\TransformsRequest->handle()
#13 /home/wiptracker/domains/wiptracker.360websitedemo.com/public_html/vendor/laravel/framework/src/Illuminate/Pipeline/Pipeline.php(209): Illuminate\\Foundation\\Http\\Middleware\\ConvertEmptyStringsToNull->handle()
#14 /home/wiptracker/domains/wiptracker.360websitedemo.com/public_html/vendor/laravel/framework/src/Illuminate/Foundation/Http/Middleware/TransformsRequest.php(21): Illuminate\\Pipeline\\Pipeline->Illuminate\\Pipeline\\{closure}()
#15 /home/wiptracker/domains/wiptracker.360websitedemo.com/public_html/vendor/laravel/framework/src/Illuminate/Foundation/Http/Middleware/TrimStrings.php(51): Illuminate\\Foundation\\Http\\Middleware\\TransformsRequest->handle()
#16 /home/wiptracker/domains/wiptracker.360websitedemo.com/public_html/vendor/laravel/framework/src/Illuminate/Pipeline/Pipeline.php(209): Illuminate\\Foundation\\Http\\Middleware\\TrimStrings->handle()
#17 /home/wiptracker/domains/wiptracker.360websitedemo.com/public_html/vendor/laravel/framework/src/Illuminate/Http/Middleware/ValidatePostSize.php(27): Illuminate\\Pipeline\\Pipeline->Illuminate\\Pipeline\\{closure}()
#18 /home/wiptracker/domains/wiptracker.360websitedemo.com/public_html/vendor/laravel/framework/src/Illuminate/Pipeline/Pipeline.php(209): Illuminate\\Http\\Middleware\\ValidatePostSize->handle()
#19 /home/wiptracker/domains/wiptracker.360websitedemo.com/public_html/vendor/laravel/framework/src/Illuminate/Foundation/Http/Middleware/PreventRequestsDuringMaintenance.php(110): Illuminate\\Pipeline\\Pipeline->Illuminate\\Pipeline\\{closure}()
#20 /home/wiptracker/domains/wiptracker.360websitedemo.com/public_html/vendor/laravel/framework/src/Illuminate/Pipeline/Pipeline.php(209): Illuminate\\Foundation\\Http\\Middleware\\PreventRequestsDuringMaintenance->handle()
#21 /home/wiptracker/domains/wiptracker.360websitedemo.com/public_html/vendor/laravel/framework/src/Illuminate/Http/Middleware/HandleCors.php(49): Illuminate\\Pipeline\\Pipeline->Illuminate\\Pipeline\\{closure}()
#22 /home/wiptracker/domains/wiptracker.360websitedemo.com/public_html/vendor/laravel/framework/src/Illuminate/Pipeline/Pipeline.php(209): Illuminate\\Http\\Middleware\\HandleCors->handle()
#23 /home/wiptracker/domains/wiptracker.360websitedemo.com/public_html/vendor/laravel/framework/src/Illuminate/Http/Middleware/TrustProxies.php(58): Illuminate\\Pipeline\\Pipeline->Illuminate\\Pipeline\\{closure}()
#24 /home/wiptracker/domains/wiptracker.360websitedemo.com/public_html/vendor/laravel/framework/src/Illuminate/Pipeline/Pipeline.php(209): Illuminate\\Http\\Middleware\\TrustProxies->handle()
#25 /home/wiptracker/domains/wiptracker.360websitedemo.com/public_html/vendor/laravel/framework/src/Illuminate/Foundation/Http/Middleware/InvokeDeferredCallbacks.php(22): Illuminate\\Pipeline\\Pipeline->Illuminate\\Pipeline\\{closure}()
#26 /home/wiptracker/domains/wiptracker.360websitedemo.com/public_html/vendor/laravel/framework/src/Illuminate/Pipeline/Pipeline.php(209): Illuminate\\Foundation\\Http\\Middleware\\InvokeDeferredCallbacks->handle()
#27 /home/wiptracker/domains/wiptracker.360websitedemo.com/public_html/vendor/laravel/framework/src/Illuminate/Pipeline/Pipeline.php(127): Illuminate\\Pipeline\\Pipeline->Illuminate\\Pipeline\\{closure}()
#28 /home/wiptracker/domains/wiptracker.360websitedemo.com/public_html/vendor/laravel/framework/src/Illuminate/Foundation/Http/Kernel.php(176): Illuminate\\Pipeline\\Pipeline->then()
#29 /home/wiptracker/domains/wiptracker.360websitedemo.com/public_html/vendor/laravel/framework/src/Illuminate/Foundation/Http/Kernel.php(145): Illuminate\\Foundation\\Http\\Kernel->sendRequestThroughRouter()
#30 /home/wiptracker/domains/wiptracker.360websitedemo.com/public_html/vendor/laravel/framework/src/Illuminate/Foundation/Application.php(1220): Illuminate\\Foundation\\Http\\Kernel->handle()
#31 /home/wiptracker/domains/wiptracker.360websitedemo.com/public_html/public/index.php(20): Illuminate\\Foundation\\Application->handleRequest()
#32 {main}
"} 
[2026-01-13 10:29:00] local.ERROR: syntax error, unexpected token "->" {"exception":"[object] (ParseError(code: 0): syntax error, unexpected token \"->\" at /home/wiptracker/domains/wiptracker.360websitedemo.com/public_html/app/Http/Controllers/ProductionSuperwisor/ProductionSuperwisorController.php:107)
[stacktrace]
#0 /home/wiptracker/domains/wiptracker.360websitedemo.com/public_html/vendor/composer/ClassLoader.php(427): Composer\\Autoload\\{closure}()
#1 [internal function]: Composer\\Autoload\\ClassLoader->loadClass()
#2 /home/wiptracker/domains/wiptracker.360websitedemo.com/public_html/vendor/laravel/framework/src/Illuminate/Routing/Route.php(1117): is_a()
#3 /home/wiptracker/domains/wiptracker.360websitedemo.com/public_html/vendor/laravel/framework/src/Illuminate/Routing/Route.php(1054): Illuminate\\Routing\\Route->controllerMiddleware()
#4 /home/wiptracker/domains/wiptracker.360websitedemo.com/public_html/vendor/laravel/framework/src/Illuminate/Routing/Router.php(820): Illuminate\\Routing\\Route->gatherMiddleware()
#5 /home/wiptracker/domains/wiptracker.360websitedemo.com/public_html/vendor/laravel/framework/src/Illuminate/Routing/Router.php(802): Illuminate\\Routing\\Router->gatherRouteMiddleware()
#6 /home/wiptracker/domains/wiptracker.360websitedemo.com/public_html/vendor/laravel/framework/src/Illuminate/Routing/Router.php(786): Illuminate\\Routing\\Router->runRouteWithinStack()
#7 /home/wiptracker/domains/wiptracker.360websitedemo.com/public_html/vendor/laravel/framework/src/Illuminate/Routing/Router.php(750): Illuminate\\Routing\\Router->runRoute()
#8 /home/wiptracker/domains/wiptracker.360websitedemo.com/public_html/vendor/laravel/framework/src/Illuminate/Routing/Router.php(739): Illuminate\\Routing\\Router->dispatchToRoute()
#9 /home/wiptracker/domains/wiptracker.360websitedemo.com/public_html/vendor/laravel/framework/src/Illuminate/Foundation/Http/Kernel.php(201): Illuminate\\Routing\\Router->dispatch()
#10 /home/wiptracker/domains/wiptracker.360websitedemo.com/public_html/vendor/laravel/framework/src/Illuminate/Pipeline/Pipeline.php(170): Illuminate\\Foundation\\Http\\Kernel->Illuminate\\Foundation\\Http\\{closure}()
#11 /home/wiptracker/domains/wiptracker.360websitedemo.com/public_html/vendor/laravel/framework/src/Illuminate/Foundation/Http/Middleware/TransformsRequest.php(21): Illuminate\\Pipeline\\Pipeline->Illuminate\\Pipeline\\{closure}()
#12 /home/wiptracker/domains/wiptracker.360websitedemo.com/public_html/vendor/laravel/framework/src/Illuminate/Foundation/Http/Middleware/ConvertEmptyStringsToNull.php(31): Illuminate\\Foundation\\Http\\Middleware\\TransformsRequest->handle()
#13 /home/wiptracker/domains/wiptracker.360websitedemo.com/public_html/vendor/laravel/framework/src/Illuminate/Pipeline/Pipeline.php(209): Illuminate\\Foundation\\Http\\Middleware\\ConvertEmptyStringsToNull->handle()
#14 /home/wiptracker/domains/wiptracker.360websitedemo.com/public_html/vendor/laravel/framework/src/Illuminate/Foundation/Http/Middleware/TransformsRequest.php(21): Illuminate\\Pipeline\\Pipeline->Illuminate\\Pipeline\\{closure}()
#15 /home/wiptracker/domains/wiptracker.360websitedemo.com/public_html/vendor/laravel/framework/src/Illuminate/Foundation/Http/Middleware/TrimStrings.php(51): Illuminate\\Foundation\\Http\\Middleware\\TransformsRequest->handle()
#16 /home/wiptracker/domains/wiptracker.360websitedemo.com/public_html/vendor/laravel/framework/src/Illuminate/Pipeline/Pipeline.php(209): Illuminate\\Foundation\\Http\\Middleware\\TrimStrings->handle()
#17 /home/wiptracker/domains/wiptracker.360websitedemo.com/public_html/vendor/laravel/framework/src/Illuminate/Http/Middleware/ValidatePostSize.php(27): Illuminate\\Pipeline\\Pipeline->Illuminate\\Pipeline\\{closure}()
#18 /home/wiptracker/domains/wiptracker.360websitedemo.com/public_html/vendor/laravel/framework/src/Illuminate/Pipeline/Pipeline.php(209): Illuminate\\Http\\Middleware\\ValidatePostSize->handle()
#19 /home/wiptracker/domains/wiptracker.360websitedemo.com/public_html/vendor/laravel/framework/src/Illuminate/Foundation/Http/Middleware/PreventRequestsDuringMaintenance.php(110): Illuminate\\Pipeline\\Pipeline->Illuminate\\Pipeline\\{closure}()
#20 /home/wiptracker/domains/wiptracker.360websitedemo.com/public_html/vendor/laravel/framework/src/Illuminate/Pipeline/Pipeline.php(209): Illuminate\\Foundation\\Http\\Middleware\\PreventRequestsDuringMaintenance->handle()
#21 /home/wiptracker/domains/wiptracker.360websitedemo.com/public_html/vendor/laravel/framework/src/Illuminate/Http/Middleware/HandleCors.php(49): Illuminate\\Pipeline\\Pipeline->Illuminate\\Pipeline\\{closure}()
#22 /home/wiptracker/domains/wiptracker.360websitedemo.com/public_html/vendor/laravel/framework/src/Illuminate/Pipeline/Pipeline.php(209): Illuminate\\Http\\Middleware\\HandleCors->handle()
#23 /home/wiptracker/domains/wiptracker.360websitedemo.com/public_html/vendor/laravel/framework/src/Illuminate/Http/Middleware/TrustProxies.php(58): Illuminate\\Pipeline\\Pipeline->Illuminate\\Pipeline\\{closure}()
#24 /home/wiptracker/domains/wiptracker.360websitedemo.com/public_html/vendor/laravel/framework/src/Illuminate/Pipeline/Pipeline.php(209): Illuminate\\Http\\Middleware\\TrustProxies->handle()
#25 /home/wiptracker/domains/wiptracker.360websitedemo.com/public_html/vendor/laravel/framework/src/Illuminate/Foundation/Http/Middleware/InvokeDeferredCallbacks.php(22): Illuminate\\Pipeline\\Pipeline->Illuminate\\Pipeline\\{closure}()
#26 /home/wiptracker/domains/wiptracker.360websitedemo.com/public_html/vendor/laravel/framework/src/Illuminate/Pipeline/Pipeline.php(209): Illuminate\\Foundation\\Http\\Middleware\\InvokeDeferredCallbacks->handle()
#27 /home/wiptracker/domains/wiptracker.360websitedemo.com/public_html/vendor/laravel/framework/src/Illuminate/Pipeline/Pipeline.php(127): Illuminate\\Pipeline\\Pipeline->Illuminate\\Pipeline\\{closure}()
#28 /home/wiptracker/domains/wiptracker.360websitedemo.com/public_html/vendor/laravel/framework/src/Illuminate/Foundation/Http/Kernel.php(176): Illuminate\\Pipeline\\Pipeline->then()
#29 /home/wiptracker/domains/wiptracker.360websitedemo.com/public_html/vendor/laravel/framework/src/Illuminate/Foundation/Http/Kernel.php(145): Illuminate\\Foundation\\Http\\Kernel->sendRequestThroughRouter()
#30 /home/wiptracker/domains/wiptracker.360websitedemo.com/public_html/vendor/laravel/framework/src/Illuminate/Foundation/Application.php(1220): Illuminate\\Foundation\\Http\\Kernel->handle()
#31 /home/wiptracker/domains/wiptracker.360websitedemo.com/public_html/public/index.php(20): Illuminate\\Foundation\\Application->handleRequest()
#32 {main}
"} 
[2026-01-13 10:48:35] local.INFO: Project Create Request {"all":{"_token":"HIDLjDWZSmISvYBb3TrOeRRbNMK9JltFn6pSHLNX","main_pro_name":"wip_tracker","project_name":"Project 13-1-2026 1","assembly_quotation_ref":"12","sales_person":"Mr Mark","customer_name":"Mr John","customer_ref":"33245354O","country_name":"UAE","sales_order_number":"SO-123","currency":"EUR","quotation_items":[{"sr_no":"1","full_article_number":"111","description":"Product 1","qty":"2","cart_model_name":"Control Panel","product_type":"Split case vertical pump -motor alignment","unit_price":"10","total_price":"20.00","quotation_from_pricing_tool":"0","download_excel_bom":"1","download_excel_drawing":"0","partial_delivery":"1","item_id":"1"}],"customer_documents":[{"Illuminate\\Http\\UploadedFile":"/tmp/php43TXma"}]},"files":{"customer_documents":[{"Illuminate\\Http\\UploadedFile":"/tmp/php43TXma"}]},"user_id":8,"ip":"49.43.35.18","url":"https://wiptracker.360websitedemo.com/product_engineer/project/create"} 
[2026-01-13 10:55:29] local.ERROR: syntax error, unexpected token "->" {"exception":"[object] (ParseError(code: 0): syntax error, unexpected token \"->\" at /home/wiptracker/domains/wiptracker.360websitedemo.com/public_html/app/Http/Controllers/ProductionSuperwisor/ProductionSuperwisorController.php:109)
[stacktrace]
#0 /home/wiptracker/domains/wiptracker.360websitedemo.com/public_html/vendor/composer/ClassLoader.php(427): Composer\\Autoload\\{closure}()
#1 [internal function]: Composer\\Autoload\\ClassLoader->loadClass()
#2 /home/wiptracker/domains/wiptracker.360websitedemo.com/public_html/vendor/laravel/framework/src/Illuminate/Routing/Route.php(1117): is_a()
#3 /home/wiptracker/domains/wiptracker.360websitedemo.com/public_html/vendor/laravel/framework/src/Illuminate/Routing/Route.php(1054): Illuminate\\Routing\\Route->controllerMiddleware()
#4 /home/wiptracker/domains/wiptracker.360websitedemo.com/public_html/vendor/laravel/framework/src/Illuminate/Routing/Router.php(820): Illuminate\\Routing\\Route->gatherMiddleware()
#5 /home/wiptracker/domains/wiptracker.360websitedemo.com/public_html/vendor/laravel/framework/src/Illuminate/Routing/Router.php(802): Illuminate\\Routing\\Router->gatherRouteMiddleware()
#6 /home/wiptracker/domains/wiptracker.360websitedemo.com/public_html/vendor/laravel/framework/src/Illuminate/Routing/Router.php(786): Illuminate\\Routing\\Router->runRouteWithinStack()
#7 /home/wiptracker/domains/wiptracker.360websitedemo.com/public_html/vendor/laravel/framework/src/Illuminate/Routing/Router.php(750): Illuminate\\Routing\\Router->runRoute()
#8 /home/wiptracker/domains/wiptracker.360websitedemo.com/public_html/vendor/laravel/framework/src/Illuminate/Routing/Router.php(739): Illuminate\\Routing\\Router->dispatchToRoute()
#9 /home/wiptracker/domains/wiptracker.360websitedemo.com/public_html/vendor/laravel/framework/src/Illuminate/Foundation/Http/Kernel.php(201): Illuminate\\Routing\\Router->dispatch()
#10 /home/wiptracker/domains/wiptracker.360websitedemo.com/public_html/vendor/laravel/framework/src/Illuminate/Pipeline/Pipeline.php(170): Illuminate\\Foundation\\Http\\Kernel->Illuminate\\Foundation\\Http\\{closure}()
#11 /home/wiptracker/domains/wiptracker.360websitedemo.com/public_html/vendor/laravel/framework/src/Illuminate/Foundation/Http/Middleware/TransformsRequest.php(21): Illuminate\\Pipeline\\Pipeline->Illuminate\\Pipeline\\{closure}()
#12 /home/wiptracker/domains/wiptracker.360websitedemo.com/public_html/vendor/laravel/framework/src/Illuminate/Foundation/Http/Middleware/ConvertEmptyStringsToNull.php(31): Illuminate\\Foundation\\Http\\Middleware\\TransformsRequest->handle()
#13 /home/wiptracker/domains/wiptracker.360websitedemo.com/public_html/vendor/laravel/framework/src/Illuminate/Pipeline/Pipeline.php(209): Illuminate\\Foundation\\Http\\Middleware\\ConvertEmptyStringsToNull->handle()
#14 /home/wiptracker/domains/wiptracker.360websitedemo.com/public_html/vendor/laravel/framework/src/Illuminate/Foundation/Http/Middleware/TransformsRequest.php(21): Illuminate\\Pipeline\\Pipeline->Illuminate\\Pipeline\\{closure}()
#15 /home/wiptracker/domains/wiptracker.360websitedemo.com/public_html/vendor/laravel/framework/src/Illuminate/Foundation/Http/Middleware/TrimStrings.php(51): Illuminate\\Foundation\\Http\\Middleware\\TransformsRequest->handle()
#16 /home/wiptracker/domains/wiptracker.360websitedemo.com/public_html/vendor/laravel/framework/src/Illuminate/Pipeline/Pipeline.php(209): Illuminate\\Foundation\\Http\\Middleware\\TrimStrings->handle()
#17 /home/wiptracker/domains/wiptracker.360websitedemo.com/public_html/vendor/laravel/framework/src/Illuminate/Http/Middleware/ValidatePostSize.php(27): Illuminate\\Pipeline\\Pipeline->Illuminate\\Pipeline\\{closure}()
#18 /home/wiptracker/domains/wiptracker.360websitedemo.com/public_html/vendor/laravel/framework/src/Illuminate/Pipeline/Pipeline.php(209): Illuminate\\Http\\Middleware\\ValidatePostSize->handle()
#19 /home/wiptracker/domains/wiptracker.360websitedemo.com/public_html/vendor/laravel/framework/src/Illuminate/Foundation/Http/Middleware/PreventRequestsDuringMaintenance.php(110): Illuminate\\Pipeline\\Pipeline->Illuminate\\Pipeline\\{closure}()
#20 /home/wiptracker/domains/wiptracker.360websitedemo.com/public_html/vendor/laravel/framework/src/Illuminate/Pipeline/Pipeline.php(209): Illuminate\\Foundation\\Http\\Middleware\\PreventRequestsDuringMaintenance->handle()
#21 /home/wiptracker/domains/wiptracker.360websitedemo.com/public_html/vendor/laravel/framework/src/Illuminate/Http/Middleware/HandleCors.php(49): Illuminate\\Pipeline\\Pipeline->Illuminate\\Pipeline\\{closure}()
#22 /home/wiptracker/domains/wiptracker.360websitedemo.com/public_html/vendor/laravel/framework/src/Illuminate/Pipeline/Pipeline.php(209): Illuminate\\Http\\Middleware\\HandleCors->handle()
#23 /home/wiptracker/domains/wiptracker.360websitedemo.com/public_html/vendor/laravel/framework/src/Illuminate/Http/Middleware/TrustProxies.php(58): Illuminate\\Pipeline\\Pipeline->Illuminate\\Pipeline\\{closure}()
#24 /home/wiptracker/domains/wiptracker.360websitedemo.com/public_html/vendor/laravel/framework/src/Illuminate/Pipeline/Pipeline.php(209): Illuminate\\Http\\Middleware\\TrustProxies->handle()
#25 /home/wiptracker/domains/wiptracker.360websitedemo.com/public_html/vendor/laravel/framework/src/Illuminate/Foundation/Http/Middleware/InvokeDeferredCallbacks.php(22): Illuminate\\Pipeline\\Pipeline->Illuminate\\Pipeline\\{closure}()
#26 /home/wiptracker/domains/wiptracker.360websitedemo.com/public_html/vendor/laravel/framework/src/Illuminate/Pipeline/Pipeline.php(209): Illuminate\\Foundation\\Http\\Middleware\\InvokeDeferredCallbacks->handle()
#27 /home/wiptracker/domains/wiptracker.360websitedemo.com/public_html/vendor/laravel/framework/src/Illuminate/Pipeline/Pipeline.php(127): Illuminate\\Pipeline\\Pipeline->Illuminate\\Pipeline\\{closure}()
#28 /home/wiptracker/domains/wiptracker.360websitedemo.com/public_html/vendor/laravel/framework/src/Illuminate/Foundation/Http/Kernel.php(176): Illuminate\\Pipeline\\Pipeline->then()
#29 /home/wiptracker/domains/wiptracker.360websitedemo.com/public_html/vendor/laravel/framework/src/Illuminate/Foundation/Http/Kernel.php(145): Illuminate\\Foundation\\Http\\Kernel->sendRequestThroughRouter()
#30 /home/wiptracker/domains/wiptracker.360websitedemo.com/public_html/vendor/laravel/framework/src/Illuminate/Foundation/Application.php(1220): Illuminate\\Foundation\\Http\\Kernel->handle()
#31 /home/wiptracker/domains/wiptracker.360websitedemo.com/public_html/public/index.php(20): Illuminate\\Foundation\\Application->handleRequest()
#32 {main}
"} 
[2026-01-13 11:22:49] local.INFO: MRF File Full Path for Email Attachment: /home/wiptracker/domains/wiptracker.360websitedemo.com/public_html/storage/app/public/temp/MRF_Inspected_24-49_111.xlsx  
[2026-01-13 11:22:51] local.INFO: MRF File Full Path for Email Attachment: /home/wiptracker/domains/wiptracker.360websitedemo.com/public_html/storage/app/public/temp/MRF_Inspected_24-49_111.xlsx  
[2026-01-13 17:07:39] local.INFO: Project Create Request {"all":{"_token":"gm1cPcPI7JBXWYF57gzT2JLroQHvLcrCQowQFcv4","main_pro_name":"wi_track","id":"55","project_name":"Project Alp 13 Jan","assembly_quotation_ref":"1312026","sales_person":"Mr Mark","customer_name":"Mr John","customer_ref":"33245354O","country_name":"UAE","sales_order_number":null,"currency":null,"quotation_items":[{"sr_no":"1","full_article_number":"1312631","description":"Test 13 Jan Product","qty":"1","cart_model_name":"Control Panel","product_type":"Control Panel Assembly","partial_delivery":"2","unit_price":"1","total_price":"1.00","quotation_from_pricing_tool":"0","download_excel_bom":"1","download_excel_drawing":"0","item_id":"1"}]},"files":[],"user_id":4,"ip":"106.215.17.24","url":"https://wiptracker.360websitedemo.com/product_engineer/project/create"} 
