[2026-01-22 09:11:04] local.ERROR: Unclosed '[' {"exception":"[object] (ParseError(code: 0): Unclosed '[' at /home/wiptracker/domains/wiptracker.360websitedemo.com/public_html/app/Http/Controllers/QualityManager/QualityManagerController.php:730)
[stacktrace]
#0 /home/wiptracker/domains/wiptracker.360websitedemo.com/public_html/vendor/composer/ClassLoader.php(427): Composer\\Autoload\\{closure}()
#1 [internal function]: Composer\\Autoload\\ClassLoader->loadClass()
#2 /home/wiptracker/domains/wiptracker.360websitedemo.com/public_html/vendor/laravel/framework/src/Illuminate/Support/Reflector.php(40): class_exists()
#3 /home/wiptracker/domains/wiptracker.360websitedemo.com/public_html/vendor/laravel/framework/src/Illuminate/Routing/RouteRegistrar.php(260): Illuminate\\Support\\Reflector::isCallable()
#4 /home/wiptracker/domains/wiptracker.360websitedemo.com/public_html/vendor/laravel/framework/src/Illuminate/Routing/RouteRegistrar.php(239): Illuminate\\Routing\\RouteRegistrar->compileAction()
#5 /home/wiptracker/domains/wiptracker.360websitedemo.com/public_html/vendor/laravel/framework/src/Illuminate/Routing/RouteRegistrar.php(285): Illuminate\\Routing\\RouteRegistrar->registerRoute()
#6 /home/wiptracker/domains/wiptracker.360websitedemo.com/public_html/routes/web.php(244): Illuminate\\Routing\\RouteRegistrar->__call()
#7 /home/wiptracker/domains/wiptracker.360websitedemo.com/public_html/vendor/laravel/framework/src/Illuminate/Routing/RouteFileRegistrar.php(35): require('/home/wiptracke...')
#8 /home/wiptracker/domains/wiptracker.360websitedemo.com/public_html/vendor/laravel/framework/src/Illuminate/Routing/Router.php(513): Illuminate\\Routing\\RouteFileRegistrar->register()
#9 /home/wiptracker/domains/wiptracker.360websitedemo.com/public_html/vendor/laravel/framework/src/Illuminate/Routing/Router.php(467): Illuminate\\Routing\\Router->loadRoutes()
#10 /home/wiptracker/domains/wiptracker.360websitedemo.com/public_html/vendor/laravel/framework/src/Illuminate/Routing/RouteRegistrar.php(207): Illuminate\\Routing\\Router->group()
#11 /home/wiptracker/domains/wiptracker.360websitedemo.com/public_html/vendor/laravel/framework/src/Illuminate/Foundation/Configuration/ApplicationBuilder.php(248): Illuminate\\Routing\\RouteRegistrar->group()
#12 /home/wiptracker/domains/wiptracker.360websitedemo.com/public_html/vendor/laravel/framework/src/Illuminate/Container/BoundMethod.php(36): Illuminate\\Foundation\\Configuration\\ApplicationBuilder->Illuminate\\Foundation\\Configuration\\{closure}()
#13 /home/wiptracker/domains/wiptracker.360websitedemo.com/public_html/vendor/laravel/framework/src/Illuminate/Container/Util.php(43): Illuminate\\Container\\BoundMethod::Illuminate\\Container\\{closure}()
#14 /home/wiptracker/domains/wiptracker.360websitedemo.com/public_html/vendor/laravel/framework/src/Illuminate/Container/BoundMethod.php(83): Illuminate\\Container\\Util::unwrapIfClosure()
#15 /home/wiptracker/domains/wiptracker.360websitedemo.com/public_html/vendor/laravel/framework/src/Illuminate/Container/BoundMethod.php(35): Illuminate\\Container\\BoundMethod::callBoundMethod()
#16 /home/wiptracker/domains/wiptracker.360websitedemo.com/public_html/vendor/laravel/framework/src/Illuminate/Container/Container.php(696): Illuminate\\Container\\BoundMethod::call()
#17 /home/wiptracker/domains/wiptracker.360websitedemo.com/public_html/vendor/laravel/framework/src/Illuminate/Foundation/Support/Providers/RouteServiceProvider.php(162): Illuminate\\Container\\Container->call()
#18 /home/wiptracker/domains/wiptracker.360websitedemo.com/public_html/vendor/laravel/framework/src/Illuminate/Foundation/Support/Providers/RouteServiceProvider.php(59): Illuminate\\Foundation\\Support\\Providers\\RouteServiceProvider->loadRoutes()
#19 /home/wiptracker/domains/wiptracker.360websitedemo.com/public_html/vendor/laravel/framework/src/Illuminate/Container/BoundMethod.php(36): Illuminate\\Foundation\\Support\\Providers\\RouteServiceProvider->Illuminate\\Foundation\\Support\\Providers\\{closure}()
#20 /home/wiptracker/domains/wiptracker.360websitedemo.com/public_html/vendor/laravel/framework/src/Illuminate/Container/Util.php(43): Illuminate\\Container\\BoundMethod::Illuminate\\Container\\{closure}()
#21 /home/wiptracker/domains/wiptracker.360websitedemo.com/public_html/vendor/laravel/framework/src/Illuminate/Container/BoundMethod.php(83): Illuminate\\Container\\Util::unwrapIfClosure()
#22 /home/wiptracker/domains/wiptracker.360websitedemo.com/public_html/vendor/laravel/framework/src/Illuminate/Container/BoundMethod.php(35): Illuminate\\Container\\BoundMethod::callBoundMethod()
#23 /home/wiptracker/domains/wiptracker.360websitedemo.com/public_html/vendor/laravel/framework/src/Illuminate/Container/Container.php(696): Illuminate\\Container\\BoundMethod::call()
#24 /home/wiptracker/domains/wiptracker.360websitedemo.com/public_html/vendor/laravel/framework/src/Illuminate/Support/ServiceProvider.php(144): Illuminate\\Container\\Container->call()
#25 /home/wiptracker/domains/wiptracker.360websitedemo.com/public_html/vendor/laravel/framework/src/Illuminate/Foundation/Application.php(1154): Illuminate\\Support\\ServiceProvider->callBootedCallbacks()
#26 /home/wiptracker/domains/wiptracker.360websitedemo.com/public_html/vendor/laravel/framework/src/Illuminate/Foundation/Application.php(1132): Illuminate\\Foundation\\Application->bootProvider()
#27 [internal function]: Illuminate\\Foundation\\Application->Illuminate\\Foundation\\{closure}()
#28 /home/wiptracker/domains/wiptracker.360websitedemo.com/public_html/vendor/laravel/framework/src/Illuminate/Foundation/Application.php(1131): array_walk()
#29 /home/wiptracker/domains/wiptracker.360websitedemo.com/public_html/vendor/laravel/framework/src/Illuminate/Foundation/Bootstrap/BootProviders.php(17): Illuminate\\Foundation\\Application->boot()
#30 /home/wiptracker/domains/wiptracker.360websitedemo.com/public_html/vendor/laravel/framework/src/Illuminate/Foundation/Application.php(342): Illuminate\\Foundation\\Bootstrap\\BootProviders->bootstrap()
#31 /home/wiptracker/domains/wiptracker.360websitedemo.com/public_html/vendor/laravel/framework/src/Illuminate/Foundation/Http/Kernel.php(187): Illuminate\\Foundation\\Application->bootstrapWith()
#32 /home/wiptracker/domains/wiptracker.360websitedemo.com/public_html/vendor/laravel/framework/src/Illuminate/Foundation/Http/Kernel.php(171): Illuminate\\Foundation\\Http\\Kernel->bootstrap()
#33 /home/wiptracker/domains/wiptracker.360websitedemo.com/public_html/vendor/laravel/framework/src/Illuminate/Foundation/Http/Kernel.php(145): Illuminate\\Foundation\\Http\\Kernel->sendRequestThroughRouter()
#34 /home/wiptracker/domains/wiptracker.360websitedemo.com/public_html/vendor/laravel/framework/src/Illuminate/Foundation/Application.php(1220): Illuminate\\Foundation\\Http\\Kernel->handle()
#35 /home/wiptracker/domains/wiptracker.360websitedemo.com/public_html/public/index.php(20): Illuminate\\Foundation\\Application->handleRequest()
#36 {main}
"} 
[2026-01-22 09:11:43] local.ERROR: syntax error, unexpected token "->" {"exception":"[object] (ParseError(code: 0): syntax error, unexpected token \"->\" at /home/wiptracker/domains/wiptracker.360websitedemo.com/public_html/app/Http/Controllers/QualityManager/QualityManagerController.php:456)
[stacktrace]
#0 /home/wiptracker/domains/wiptracker.360websitedemo.com/public_html/vendor/composer/ClassLoader.php(427): Composer\\Autoload\\{closure}()
#1 [internal function]: Composer\\Autoload\\ClassLoader->loadClass()
#2 /home/wiptracker/domains/wiptracker.360websitedemo.com/public_html/vendor/laravel/framework/src/Illuminate/Support/Reflector.php(40): class_exists()
#3 /home/wiptracker/domains/wiptracker.360websitedemo.com/public_html/vendor/laravel/framework/src/Illuminate/Routing/RouteRegistrar.php(260): Illuminate\\Support\\Reflector::isCallable()
#4 /home/wiptracker/domains/wiptracker.360websitedemo.com/public_html/vendor/laravel/framework/src/Illuminate/Routing/RouteRegistrar.php(239): Illuminate\\Routing\\RouteRegistrar->compileAction()
#5 /home/wiptracker/domains/wiptracker.360websitedemo.com/public_html/vendor/laravel/framework/src/Illuminate/Routing/RouteRegistrar.php(285): Illuminate\\Routing\\RouteRegistrar->registerRoute()
#6 /home/wiptracker/domains/wiptracker.360websitedemo.com/public_html/routes/web.php(244): Illuminate\\Routing\\RouteRegistrar->__call()
#7 /home/wiptracker/domains/wiptracker.360websitedemo.com/public_html/vendor/laravel/framework/src/Illuminate/Routing/RouteFileRegistrar.php(35): require('/home/wiptracke...')
#8 /home/wiptracker/domains/wiptracker.360websitedemo.com/public_html/vendor/laravel/framework/src/Illuminate/Routing/Router.php(513): Illuminate\\Routing\\RouteFileRegistrar->register()
#9 /home/wiptracker/domains/wiptracker.360websitedemo.com/public_html/vendor/laravel/framework/src/Illuminate/Routing/Router.php(467): Illuminate\\Routing\\Router->loadRoutes()
#10 /home/wiptracker/domains/wiptracker.360websitedemo.com/public_html/vendor/laravel/framework/src/Illuminate/Routing/RouteRegistrar.php(207): Illuminate\\Routing\\Router->group()
#11 /home/wiptracker/domains/wiptracker.360websitedemo.com/public_html/vendor/laravel/framework/src/Illuminate/Foundation/Configuration/ApplicationBuilder.php(248): Illuminate\\Routing\\RouteRegistrar->group()
#12 /home/wiptracker/domains/wiptracker.360websitedemo.com/public_html/vendor/laravel/framework/src/Illuminate/Container/BoundMethod.php(36): Illuminate\\Foundation\\Configuration\\ApplicationBuilder->Illuminate\\Foundation\\Configuration\\{closure}()
#13 /home/wiptracker/domains/wiptracker.360websitedemo.com/public_html/vendor/laravel/framework/src/Illuminate/Container/Util.php(43): Illuminate\\Container\\BoundMethod::Illuminate\\Container\\{closure}()
#14 /home/wiptracker/domains/wiptracker.360websitedemo.com/public_html/vendor/laravel/framework/src/Illuminate/Container/BoundMethod.php(83): Illuminate\\Container\\Util::unwrapIfClosure()
#15 /home/wiptracker/domains/wiptracker.360websitedemo.com/public_html/vendor/laravel/framework/src/Illuminate/Container/BoundMethod.php(35): Illuminate\\Container\\BoundMethod::callBoundMethod()
#16 /home/wiptracker/domains/wiptracker.360websitedemo.com/public_html/vendor/laravel/framework/src/Illuminate/Container/Container.php(696): Illuminate\\Container\\BoundMethod::call()
#17 /home/wiptracker/domains/wiptracker.360websitedemo.com/public_html/vendor/laravel/framework/src/Illuminate/Foundation/Support/Providers/RouteServiceProvider.php(162): Illuminate\\Container\\Container->call()
#18 /home/wiptracker/domains/wiptracker.360websitedemo.com/public_html/vendor/laravel/framework/src/Illuminate/Foundation/Support/Providers/RouteServiceProvider.php(59): Illuminate\\Foundation\\Support\\Providers\\RouteServiceProvider->loadRoutes()
#19 /home/wiptracker/domains/wiptracker.360websitedemo.com/public_html/vendor/laravel/framework/src/Illuminate/Container/BoundMethod.php(36): Illuminate\\Foundation\\Support\\Providers\\RouteServiceProvider->Illuminate\\Foundation\\Support\\Providers\\{closure}()
#20 /home/wiptracker/domains/wiptracker.360websitedemo.com/public_html/vendor/laravel/framework/src/Illuminate/Container/Util.php(43): Illuminate\\Container\\BoundMethod::Illuminate\\Container\\{closure}()
#21 /home/wiptracker/domains/wiptracker.360websitedemo.com/public_html/vendor/laravel/framework/src/Illuminate/Container/BoundMethod.php(83): Illuminate\\Container\\Util::unwrapIfClosure()
#22 /home/wiptracker/domains/wiptracker.360websitedemo.com/public_html/vendor/laravel/framework/src/Illuminate/Container/BoundMethod.php(35): Illuminate\\Container\\BoundMethod::callBoundMethod()
#23 /home/wiptracker/domains/wiptracker.360websitedemo.com/public_html/vendor/laravel/framework/src/Illuminate/Container/Container.php(696): Illuminate\\Container\\BoundMethod::call()
#24 /home/wiptracker/domains/wiptracker.360websitedemo.com/public_html/vendor/laravel/framework/src/Illuminate/Support/ServiceProvider.php(144): Illuminate\\Container\\Container->call()
#25 /home/wiptracker/domains/wiptracker.360websitedemo.com/public_html/vendor/laravel/framework/src/Illuminate/Foundation/Application.php(1154): Illuminate\\Support\\ServiceProvider->callBootedCallbacks()
#26 /home/wiptracker/domains/wiptracker.360websitedemo.com/public_html/vendor/laravel/framework/src/Illuminate/Foundation/Application.php(1132): Illuminate\\Foundation\\Application->bootProvider()
#27 [internal function]: Illuminate\\Foundation\\Application->Illuminate\\Foundation\\{closure}()
#28 /home/wiptracker/domains/wiptracker.360websitedemo.com/public_html/vendor/laravel/framework/src/Illuminate/Foundation/Application.php(1131): array_walk()
#29 /home/wiptracker/domains/wiptracker.360websitedemo.com/public_html/vendor/laravel/framework/src/Illuminate/Foundation/Bootstrap/BootProviders.php(17): Illuminate\\Foundation\\Application->boot()
#30 /home/wiptracker/domains/wiptracker.360websitedemo.com/public_html/vendor/laravel/framework/src/Illuminate/Foundation/Application.php(342): Illuminate\\Foundation\\Bootstrap\\BootProviders->bootstrap()
#31 /home/wiptracker/domains/wiptracker.360websitedemo.com/public_html/vendor/laravel/framework/src/Illuminate/Foundation/Http/Kernel.php(187): Illuminate\\Foundation\\Application->bootstrapWith()
#32 /home/wiptracker/domains/wiptracker.360websitedemo.com/public_html/vendor/laravel/framework/src/Illuminate/Foundation/Http/Kernel.php(171): Illuminate\\Foundation\\Http\\Kernel->bootstrap()
#33 /home/wiptracker/domains/wiptracker.360websitedemo.com/public_html/vendor/laravel/framework/src/Illuminate/Foundation/Http/Kernel.php(145): Illuminate\\Foundation\\Http\\Kernel->sendRequestThroughRouter()
#34 /home/wiptracker/domains/wiptracker.360websitedemo.com/public_html/vendor/laravel/framework/src/Illuminate/Foundation/Application.php(1220): Illuminate\\Foundation\\Http\\Kernel->handle()
#35 /home/wiptracker/domains/wiptracker.360websitedemo.com/public_html/public/index.php(20): Illuminate\\Foundation\\Application->handleRequest()
#36 {main}
"} 
[2026-01-22 16:48:05] local.INFO: Project Create Request {"all":{"_token":"TMyo2H6j03E7dm9FWHhIISF98StQdqmU3q5RqDpQ","main_pro_name":"wi_track","id":"61","project_name":"Project Alp 22 Jan","assembly_quotation_ref":"657129","sales_person":"Mr Mark","customer_name":"Mr John","customer_ref":"33245354O","country_name":"UAE","sales_order_number":null,"currency":null,"quotation_items":[{"description":"Diesel FF Diesel Pump NFP-F-32/214-50-M-UL/End suction/50/60/UL/AE","qty":"1","product_type":"Fire Fighting Systems","sr_no":"1","full_article_number":"68318921","item_id":"6429","cart_model_name":"Fire-Fighting","download_excel_bom":"3","download_excel_drawing":"0","partial_delivery":"2","unit_price":"8672.2705122616","total_price":"8672.2705122616","quotation_from_pricing_tool":"1"}]},"files":[],"user_id":4,"ip":"122.170.30.196","url":"https://wiptracker.360websitedemo.com/product_engineer/project/create"} 
[2026-01-22 17:10:18] local.INFO: MRF File Full Path for Email Attachment: /home/wiptracker/domains/wiptracker.360websitedemo.com/public_html/storage/app/public/temp/MRF_Inspected_26-4_68318921.xlsx  
[2026-01-22 17:10:20] local.INFO: MRF File Full Path for Email Attachment: /home/wiptracker/domains/wiptracker.360websitedemo.com/public_html/storage/app/public/temp/MRF_Inspected_26-4_68318921.xlsx  
[2026-01-22 17:29:43] local.INFO: uploadPartialPlDoc Not isProjectFullyUploaded: /home/wiptracker/domains/wiptracker.360websitedemo.com/public_html/public/project_document/26-4/Project Execution/Partial_Order_PL/68318921/1/1769088583_file-sample_150kB.pdf  
